Connections/proguard/seeds.txt
com.vbehl.connections.FbConnectionsApplication
com.vbehl.connections.FbConnectionsApplication: FbConnectionsApplication()
com.vbehl.connections.R$attr: int auxiliary_view_position
com.vbehl.connections.R$attr: int confirm_logout
com.vbehl.connections.R$attr: int done_button_background
com.vbehl.connections.R$attr: int done_button_text
com.vbehl.connections.R$attr: int extra_fields
com.vbehl.connections.R$attr: int fetch_user_info
com.vbehl.connections.R$attr: int foreground_color
com.vbehl.connections.R$attr: int horizontal_alignment
com.vbehl.connections.R$attr: int is_cropped
com.vbehl.connections.R$attr: int login_text
com.vbehl.connections.R$attr: int logout_text
com.vbehl.connections.R$attr: int multi_select
com.vbehl.connections.R$attr: int object_id
com.vbehl.connections.R$attr: int preset_size
com.vbehl.connections.R$attr: int radius_in_meters
com.vbehl.connections.R$attr: int results_limit
com.vbehl.connections.R$attr: int search_text
com.vbehl.connections.R$attr: int show_pictures
com.vbehl.connections.R$attr: int show_search_box
com.vbehl.connections.R$attr: int show_title_bar
com.vbehl.connections.R$attr: int style
com.vbehl.connections.R$attr: int title_bar_background
com.vbehl.connections.R$attr: int title_text
com.vbehl.connections.R$color: int background_dark
com.vbehl.connections.R$color: int background_holo_dark
com.vbehl.connections.R$color: int background_holo_light
com.vbehl.connections.R$color: int background_light
com.vbehl.connections.R$color: int black
com.vbehl.connections.R$color: int bright_foreground_dark
com.vbehl.connections.R$color: int bright_foreground_dark_disabled
com.vbehl.connections.R$color: int bright_foreground_disabled_holo_dark
com.vbehl.connections.R$color: int bright_foreground_disabled_holo_light
com.vbehl.connections.R$color: int bright_foreground_light
com.vbehl.connections.R$color: int bright_foreground_light_disabled
com.vbehl.connections.R$color: int card_border
com.vbehl.connections.R$color: int card_grid_text
com.vbehl.connections.R$color: int card_light_text
com.vbehl.connections.R$color: int card_separator
com.vbehl.connections.R$color: int card_text
com.vbehl.connections.R$color: int card_title_text
com.vbehl.connections.R$color: int com_facebook_blue
com.vbehl.connections.R$color: int com_facebook_likeboxcountview_border_color
com.vbehl.connections.R$color: int com_facebook_likeboxcountview_text_color
com.vbehl.connections.R$color: int com_facebook_likebutton_text_color
com.vbehl.connections.R$color: int com_facebook_likeview_text_color
com.vbehl.connections.R$color: int com_facebook_loginview_text_color
com.vbehl.connections.R$color: int com_facebook_picker_search_bar_background
...
com.facebook.FacebookException
com.facebook.FacebookException: long serialVersionUID
com.facebook.FacebookException: FacebookException()
com.facebook.FacebookException: FacebookException(java.lang.String)
com.facebook.FacebookException: FacebookException(java.lang.String,java.lang.Throwable)
com.facebook.FacebookException: FacebookException(java.lang.Throwable)
com.facebook.FacebookGraphObjectException
com.facebook.FacebookGraphObjectException: long serialVersionUID
com.facebook.FacebookGraphObjectException: FacebookGraphObjectException()
com.facebook.FacebookGraphObjectException: FacebookGraphObjectException(java.lang.String)
com.facebook.FacebookGraphObjectException: FacebookGraphObjectException(java.lang.String,java.lang.Throwable)
com.facebook.FacebookGraphObjectException: FacebookGraphObjectException(java.lang.Throwable)
com.facebook.FacebookOperationCanceledException
com.facebook.FacebookOperationCanceledException: long serialVersionUID
com.facebook.FacebookOperationCanceledException: FacebookOperationCanceledException()
com.facebook.FacebookOperationCanceledException: FacebookOperationCanceledException(java.lang.String)
com.facebook.FacebookOperationCanceledException: FacebookOperationCanceledException(java.lang.String,java.lang.Throwable)
com.facebook.FacebookOperationCanceledException: FacebookOperationCanceledException(java.lang.Throwable)
com.facebook.FacebookRequestError
com.facebook.FacebookRequestError: int INVALID_ERROR_CODE
com.facebook.FacebookRequestError: int INVALID_HTTP_STATUS_CODE
com.facebook.FacebookRequestError: int INVALID_MESSAGE_ID
com.facebook.FacebookRequestError: java.lang.String CODE_KEY
com.facebook.FacebookRequestError: java.lang.String BODY_KEY
com.facebook.FacebookRequestError: java.lang.String ERROR_KEY
com.facebook.FacebookRequestError: java.lang.String ERROR_TYPE_FIELD_KEY
com.facebook.FacebookRequestError: java.lang.String ERROR_CODE_FIELD_KEY
com.facebook.FacebookRequestError: java.lang.String ERROR_MESSAGE_FIELD_KEY
com.facebook.FacebookRequestError: java.lang.String ERROR_CODE_KEY
com.facebook.FacebookRequestError: java.lang.String ERROR_SUB_CODE_KEY
com.facebook.FacebookRequestError: java.lang.String ERROR_MSG_KEY
com.facebook.FacebookRequestError: java.lang.String ERROR_REASON_KEY
com.facebook.FacebookRequestError: java.lang.String ERROR_USER_TITLE_KEY
com.facebook.FacebookRequestError: java.lang.String ERROR_USER_MSG_KEY
com.facebook.FacebookRequestError: java.lang.String ERROR_IS_TRANSIENT_KEY
com.facebook.FacebookRequestError: int EC_UNKNOWN_ERROR
com.facebook.FacebookRequestError: int EC_SERVICE_UNAVAILABLE
com.facebook.FacebookRequestError: int EC_APP_TOO_MANY_CALLS
com.facebook.FacebookRequestError: int EC_USER_TOO_MANY_CALLS
com.facebook.FacebookRequestError: int EC_PERMISSION_DENIED
com.facebook.FacebookRequestError: int EC_INVALID_SESSION