Connections/proguard/mapping.txt
com.vbehl.connections.FbConnectionsApplication -> com.vbehl.connections.FbConnectionsApplication:
    com.facebook.Session session -> a
    com.vbehl.connections.fbmodels.FbUser homeUser -> b
    java.util.List connectionList -> c
    boolean isNullconnectionList -> d
    boolean isEmptyconnectionList -> e
    java.util.Map idNameMap -> f
    java.util.Map fromUserIdAndFeedsListMap -> g
    com.vbehl.connections.fbmodels.FbUser getHomeUser() -> a
    void setHomeUser(com.vbehl.connections.fbmodels.FbUser) -> a
    java.util.List getConnectionList() -> b
    void setConnectionList(java.util.List) -> a
    boolean isNullconnectionList() -> c
    void setIsNullconnectionList(boolean) -> a
    boolean isEmptyconnectionList() -> d
    void setIsEmptyconnectionList(boolean) -> b
    java.util.Map getIdNameMap() -> e
    void setIdNameMap(java.util.Map) -> a
    java.util.Map getFromUserIdAndFeedsListMap() -> f
    com.facebook.Session getSession() -> g
    void setSession(com.facebook.Session) -> a
    void onCreate() -> onCreate
com.vbehl.connections.activities.FeedListDemoActivity -> com.vbehl.connections.activities.FeedListDemoActivity:
    com.vbehl.connections.adapter.FeedListAdapter adapter -> b
    com.vbehl.connections.activities.FeedListDemoActivity ref -> a
    void onCreate(android.os.Bundle) -> onCreate
    void onResume() -> onResume
com.vbehl.connections.activities.MainActivity -> com.vbehl.connections.activities.MainActivity:
    com.vbehl.connections.fragments.MainFragment mainFragment -> n
    void onCreate(android.os.Bundle) -> onCreate
    void onResume() -> onResume
com.vbehl.connections.activities.ShowCardActivity -> com.vbehl.connections.activities.ShowCardActivity:
    com.fima.cardsui.views.CardUI cardUI -> n
    com.vbehl.connections.util.ImageFetcher mImageFetcher -> o
    com.vbehl.connections.activities.ShowCardActivity activity -> p
    android.app.ProgressDialog progressDialog -> q
    com.vbehl.connections.FbConnectionsApplication app -> r
    int[] $SWITCH_TABLE$com$vbehl$connections$fbmodels$FeedType -> s
    void onCreate(android.os.Bundle) -> onCreate
    void onBackPressed() -> onBackPressed
    void onStop() -> onStop
    void onConfigurationChanged(android.content.res.Configuration) -> onConfigurationChanged
    void loadCards(java.util.List,java.util.Map) -> a
    java.lang.String getProfileUrlFromId(java.lang.String) -> b
    void onClick(android.view.View) -> onClick
    void initAndSortFeeds(java.util.List,java.lang.String) -> a
    com.vbehl.connections.FbConnectionsApplication access$0(com.vbehl.connections.activities.ShowCardActivity) -> a
    android.app.ProgressDialog access$1(com.vbehl.connections.activities.ShowCardActivity) -> b
    com.vbehl.connections.activities.ShowCardActivity access$2(com.vbehl.connections.activities.ShowCardActivity) -> c
    com.vbehl.connections.util.ImageFetcher access$3(com.vbehl.connections.activities.ShowCardActivity) -> d
    int[] $SWITCH_TABLE$com$vbehl$connections$fbmodels$FeedType() -> f
com.vbehl.connections.activities.ShowCardActivity$1 -> com.vbehl.connections.activities.a:
    com.vbehl.connections.activities.ShowCardActivity this$0 -> a
    int compare(com.vbehl.connections.fbmodels.Feed,com.vbehl.connections.fbmodels.Feed) -> a
    int compare(java.lang.Object,java.lang.Object) -> compare
com.vbehl.connections.activities.ShowCardActivity$FetchShowTask -> com.vbehl.connections.activities.b:
    com.vbehl.connections.activities.ShowCardActivity this$0 -> a
    com.facebook.FacebookRequestError doInBackground(java.lang.Object[]) -> a
    void onPostExecute(com.facebook.FacebookRequestError) -> a
    void onCancelled() -> onCancelled
    void onPostExecute(java.lang.Object) -> onPostExecute
    java.lang.Object doInBackground(java.lang.Object[]) -> doInBackground
...
com.nineoldandroids.animation.PreHoneycombCompat$13 -> com.a.a.r:
    void setValue(android.view.View,float) -> a
    java.lang.Float get(android.view.View) -> a
    void setValue(java.lang.Object,float) -> a
    java.lang.Object get(java.lang.Object) -> a
com.nineoldandroids.animation.PreHoneycombCompat$14 -> com.a.a.s:
    void setValue(android.view.View,float) -> a
    java.lang.Float get(android.view.View) -> a
    void setValue(java.lang.Object,float) -> a
    java.lang.Object get(java.lang.Object) -> a
com.nineoldandroids.animation.PreHoneycombCompat$2 -> com.a.a.t:
    void setValue(android.view.View,float) -> a
    java.lang.Float get(android.view.View) -> a
    void setValue(java.lang.Object,float) -> a
    java.lang.Object get(java.lang.Object) -> a
com.nineoldandroids.animation.PreHoneycombCompat$3 -> com.a.a.u:
    void setValue(android.view.View,float) -> a
    java.lang.Float get(android.view.View) -> a
    void setValue(java.lang.Object,float) -> a
    java.lang.Object get(java.lang.Object) -> a
com.nineoldandroids.animation.PreHoneycombCompat$4 -> com.a.a.v:
    void setValue(android.view.View,float) -> a
    java.lang.Float get(android.view.View) -> a
    void setValue(java.lang.Object,float) -> a
    java.lang.Object get(java.lang.Object) -> a
com.nineoldandroids.animation.PreHoneycombCompat$5 -> com.a.a.w:
    void setValue(android.view.View,float) -> a
    java.lang.Float get(android.view.View) -> a
    void setValue(java.lang.Object,float) -> a
    java.lang.Object get(java.lang.Object) -> a
com.nineoldandroids.animation.PreHoneycombCompat$6 -> com.a.a.x:
    void setValue(android.view.View,float) -> a
    java.lang.Float get(android.view.View) -> a
    void setValue(java.lang.Object,float) -> a
    java.lang.Object get(java.lang.Object) -> a
com.nineoldandroids.animation.PreHoneycombCompat$7 -> com.a.a.y:
    void setValue(android.view.View,float) -> a
    java.lang.Float get(android.view.View) -> a
    void setValue(java.lang.Object,float) -> a
    java.lang.Object get(java.lang.Object) -> a
com.nineoldandroids.animation.PreHoneycombCompat$8 -> com.a.a.z:
    void setValue(android.view.View,float) -> a
    java.lang.Float get(android.view.View) -> a
    void setValue(java.lang.Object,float) -> a
    java.lang.Object get(java.lang.Object) -> a
com.nineoldandroids.animation.PreHoneycombCompat$9 -> com.a.a.aa:
    void setValue(android.view.View,float) -> a
    java.lang.Float get(android.view.View) -> a
    void setValue(java.lang.Object,float) -> a
    java.lang.Object get(java.lang.Object) -> a
com.nineoldandroids.animation.PropertyValuesHolder -> com.a.a.ab:
    java.lang.String mPropertyName -> a
    com.nineoldandroids.util.Property mProperty -> b
    java.lang.reflect.Method mSetter -> c
    java.lang.reflect.Method mGetter -> h
    java.lang.Class mValueType -> d
    com.nineoldandroids.animation.KeyframeSet mKeyframeSet -> e
    com.nineoldandroids.animation.TypeEvaluator sIntEvaluator -> i
    com.nineoldandroids.animation.TypeEvaluator sFloatEvaluator -> j
    java.lang.Class[] FLOAT_VARIANTS -> k
    java.lang.Class[] INTEGER_VARIANTS -> l
    java.lang.Class[] DOUBLE_VARIANTS -> m
    java.util.HashMap sSetterPropertyMap -> n
    java.util.HashMap sGetterPropertyMap -> o
    java.util.concurrent.locks.ReentrantReadWriteLock mPropertyMapLock -> f
    java.lang.Object[] mTmpValueArray -> g
    com.nineoldandroids.animation.TypeEvaluator mEvaluator -> p
    java.lang.Object mAnimatedValue -> q
    com.nineoldandroids.animation.PropertyValuesHolder ofInt(java.lang.String,int[]) -> a
    com.nineoldandroids.animation.PropertyValuesHolder ofInt(com.nineoldandroids.util.Property,int[]) -> a
    com.nineoldandroids.animation.PropertyValuesHolder ofFloat(java.lang.String,float[]) -> a
    com.nineoldandroids.animation.PropertyValuesHolder ofFloat(com.nineoldandroids.util.Property,float[]) -> a
    void setIntValues(int[]) -> a
    void setFloatValues(float[]) -> a