Connections/proguard/usage.txt
com.vbehl.connections.BuildConfig
com.vbehl.connections.FbConnectionsApplication:
    80:81:public void setFromUserIdAndFeedsListMap(java.util.Map)
com.vbehl.connections.R
com.vbehl.connections.R$attr
com.vbehl.connections.R$color
com.vbehl.connections.R$dimen
com.vbehl.connections.R$drawable
com.vbehl.connections.R$id
com.vbehl.connections.R$layout
com.vbehl.connections.R$menu
com.vbehl.connections.R$string
com.vbehl.connections.R$style
com.vbehl.connections.R$styleable
com.vbehl.connections.activities.ShowCardActivity:
    private static final java.lang.String LOG_TAG
    private static final java.lang.String IMAGE_CACHE_DIR
com.vbehl.connections.activities.ShowCardActivity$ShowCard:
    255:258:public ShowCardActivity$ShowCard(com.vbehl.connections.activities.ShowCardActivity,java.lang.String,int,java.lang.String)
com.vbehl.connections.adapter.FeedListAdapter:
    189:194:public void appendNewer(java.util.ArrayList)
    197:202:public void appendOlder(java.util.ArrayList)
com.vbehl.connections.adapter.ShowAdapter
com.vbehl.connections.adapter.ShowTileAdapter
com.vbehl.connections.fbmodels.FbUser:
    private java.lang.String profilePicUrl
    private int score
    26:27:public void setId(java.lang.String)
    29:29:public java.lang.String getFirstName()
    35:35:public java.lang.String getLastName()
    47:47:public java.lang.String getProfilePicUrl()
    51:52:public void setProfilePicUrl(java.lang.String)
    54:54:public int getScore()
    57:58:public void setScore(int)
com.vbehl.connections.fbmodels.Feed:
    private static final long serialVersionUID
    66:66:public int getIndex()
    70:71:public void setIndex(int)
    78:79:public void setFeedType(com.vbehl.connections.fbmodels.FeedType)
    91:92:public void setFeedId(java.lang.String)
    99:100:public void setFeedUrl(java.lang.String)
    107:108:public void setFeedHref(java.lang.String)
    131:132:public void setInteractionTypes(java.util.Set)
com.vbehl.connections.fbmodels.FeedInteractionType:
    45:46:public void setMessage(java.lang.String)
com.vbehl.connections.fbutils.FbConnectionUtils:
    public static final java.lang.String LOG_TAG
    33:33:public FbConnectionUtils()
com.vbehl.connections.fragments.MainFragment:
    private static final java.lang.String LOG_TAG
com.vbehl.connections.layouts.LoadMoreListItem:
    28:29:public void showProgress()
    32:33:public void hideProgress()
    41:43:public void showFooterText()
com.vbehl.connections.layouts.ShowCard
com.vbehl.connections.model.FbFeedElement
com.vbehl.connections.provider.Images:
    24:24:public Images()
com.vbehl.connections.ui.ImageDetailActivity:
    private static final java.lang.String IMAGE_CACHE_DIR
    public static final java.lang.String EXTRA_IMAGE
com.vbehl.connections.ui.ImageDetailFragment:
    private static final java.lang.String IMAGE_DATA_EXTRA
com.vbehl.connections.ui.ImageGridActivity:
    private static final java.lang.String TAG
com.vbehl.connections.ui.ImageGridFragment:
    private static final java.lang.String TAG
    private static final java.lang.String IMAGE_CACHE_DIR
com.vbehl.connections.util.AsyncTask:
    private static final java.lang.String LOG_TAG
    private static final int CORE_POOL_SIZE
    private static final int MAXIMUM_POOL_SIZE
    private static final int KEEP_ALIVE
    private static final int MESSAGE_POST_RESULT
    private static final int MESSAGE_POST_PROGRESS
    296:297:public static void init()
    301:302:public static void setDefaultExecutor(java.util.concurrent.Executor)
    356:356:public final com.vbehl.connections.util.AsyncTask$Status getStatus()
    506:506:public final java.lang.Object get()
    526:526:public final java.lang.Object get(long,java.util.concurrent.TimeUnit)
    628:629:public static void execute(java.lang.Runnable)
    646:650:protected final varargs void publishProgress(java.lang.Object[])
...
android.support.v4.app.RemoteInput$ImplJellybean
android.support.v4.app.RemoteInputCompatApi20
android.support.v4.app.RemoteInputCompatBase
android.support.v4.app.RemoteInputCompatBase$RemoteInput
android.support.v4.app.RemoteInputCompatBase$RemoteInput$Factory
android.support.v4.app.RemoteInputCompatJellybean
android.support.v4.app.ServiceCompat
android.support.v4.app.ShareCompat
android.support.v4.app.ShareCompat$IntentBuilder
android.support.v4.app.ShareCompat$IntentReader
android.support.v4.app.ShareCompat$ShareCompatImpl
android.support.v4.app.ShareCompat$ShareCompatImplBase
android.support.v4.app.ShareCompat$ShareCompatImplICS
android.support.v4.app.ShareCompat$ShareCompatImplJB
android.support.v4.app.ShareCompatICS
android.support.v4.app.ShareCompatJB
android.support.v4.app.TaskStackBuilder
android.support.v4.app.TaskStackBuilder$SupportParentable
android.support.v4.app.TaskStackBuilder$TaskStackBuilderImpl
android.support.v4.app.TaskStackBuilder$TaskStackBuilderImplBase
android.support.v4.app.TaskStackBuilder$TaskStackBuilderImplHoneycomb
android.support.v4.app.TaskStackBuilder$TaskStackBuilderImplJellybean
android.support.v4.app.TaskStackBuilderHoneycomb
android.support.v4.app.TaskStackBuilderJellybean
android.support.v4.content.AsyncTaskLoader
android.support.v4.content.AsyncTaskLoader$LoadTask
android.support.v4.content.ContextCompat
android.support.v4.content.ContextCompatFroyo
android.support.v4.content.ContextCompatHoneycomb
android.support.v4.content.ContextCompatJellybean
android.support.v4.content.ContextCompatKitKat
android.support.v4.content.CursorLoader
android.support.v4.content.FileProvider
android.support.v4.content.FileProvider$PathStrategy
android.support.v4.content.FileProvider$SimplePathStrategy
android.support.v4.content.IntentCompat:
    public static final java.lang.String ACTION_EXTERNAL_APPLICATIONS_AVAILABLE
    public static final java.lang.String ACTION_EXTERNAL_APPLICATIONS_UNAVAILABLE
    public static final java.lang.String EXTRA_CHANGED_PACKAGE_LIST
    public static final java.lang.String EXTRA_CHANGED_UID_LIST
    public static final java.lang.String EXTRA_HTML_TEXT
    public static final int FLAG_ACTIVITY_TASK_ON_HOME
    public static final int FLAG_ACTIVITY_CLEAR_TASK
    95:97:private IntentCompat()
    249:249:public static android.content.Intent makeMainSelectorActivity(java.lang.String,java.lang.String)
    266:266:public static android.content.Intent makeRestartActivityTask(android.content.ComponentName)
android.support.v4.content.IntentCompat$IntentCompatImpl:
    public abstract android.content.Intent makeMainSelectorActivity(java.lang.String,java.lang.String)
    public abstract android.content.Intent makeRestartActivityTask(android.content.ComponentName)
android.support.v4.content.IntentCompat$IntentCompatImplBase:
    51:53:public android.content.Intent makeMainSelectorActivity(java.lang.String,java.lang.String)
    58:61:public android.content.Intent makeRestartActivityTask(android.content.ComponentName)
android.support.v4.content.IntentCompat$IntentCompatImplHC:
    72:72:public android.content.Intent makeRestartActivityTask(android.content.ComponentName)
android.support.v4.content.IntentCompat$IntentCompatImplIcsMr1:
    79:79:public android.content.Intent makeMainSelectorActivity(java.lang.String,java.lang.String)
android.support.v4.content.IntentCompatHoneycomb:
    22:22:IntentCompatHoneycomb()
    28:28:public static android.content.Intent makeRestartActivityTask(android.content.ComponentName)
android.support.v4.content.IntentCompatIcsMr1
android.support.v4.content.Loader$ForceLoadContentObserver
android.support.v4.content.LocalBroadcastManager:
    private static final java.lang.String TAG
    private static final boolean DEBUG
    static final int MSG_EXEC_PENDING_BROADCASTS
    277:280:public void sendBroadcastSync(android.content.Intent)
android.support.v4.content.ModernAsyncTask
android.support.v4.content.ModernAsyncTask$1